<?xml version="1.0" encoding="UTF-8"?>
<!-- Generated by org.testng.reporters.JUnitReportReporter -->
<testsuite hostname="DESKTOP-8R7K7D8" failures="0" tests="1" name="Framework1.Script5" time="9.299" errors="0" timestamp="2024-12-01T22:55:13 IST" skipped="0">
  <testcase classname="Framework1.Script5" name="run" time="9.299"/>
  <system-out/>
</testsuite> <!-- Framework1.Script5 -->
